This is pdfTeX, Version 3.1415926-2.4-1.40.13 (MiKTeX 2.9) (preloaded format=pdflatex 2016.3.14)  14 OCT 2016 07:40
entering extended mode
**C:/Users/Scott/Documents/GitHub/audio-reactive-led-strip/python/visualize.py
(C:/Users/Scott/Documents/GitHub/audio-reactive-led-strip/python/visualize.py
LaTeX2e <2011/06/27>
Babel <v3.8m> and hyphenation patterns for english, afrikaans, ancientgreek, ar
abic, armenian, assamese, basque, bengali, bokmal, bulgarian, catalan, coptic, 
croatian, czech, danish, dutch, esperanto, estonian, farsi, finnish, french, ga
lician, german, german-x-2012-05-30, greek, gujarati, hindi, hungarian, iceland
ic, indonesian, interlingua, irish, italian, kannada, kurmanji, latin, latvian,
 lithuanian, malayalam, marathi, mongolian, mongolianlmc, monogreek, ngerman, n
german-x-2012-05-30, nynorsk, oriya, panjabi, pinyin, polish, portuguese, roman
ian, russian, sanskrit, serbian, slovak, slovenian, spanish, swedish, swissgerm
an, tamil, telugu, turkish, turkmen, ukenglish, ukrainian, uppersorbian, usengl
ishmax, welsh, loaded.

! LaTeX Error: Missing \begin{document}.

See the LaTeX manual or LaTeX Companion for explanation.
Type  H <return>  for immediate help.
 ...                                              
                                                  
l.1 f
     rom __future__ import print_function
You're in trouble here.  Try typing  <return>  to proceed.
If that doesn't work, type  X <return>  to quit.

Missing character: There is no f in font nullfont!
Missing character: There is no r in font nullfont!
Missing character: There is no o in font nullfont!
Missing character: There is no m in font nullfont!
! Missing $ inserted.
<inserted text> 
                $
l.1 from _
          _future__ import print_function
I've inserted a begin-math/end-math symbol since I think
you left one out. Proceed, with fingers crossed.

LaTeX Font Info:    External font `cmex10' loaded for size
(Font)              <7> on input line 1.
LaTeX Font Info:    External font `cmex10' loaded for size
(Font)              <5> on input line 1.
! Missing { inserted.
<to be read again> 
                   _
l.1 from __
           future__ import print_function
A left brace was mandatory here, so I've put one in.
You might want to delete and/or insert some corrections
so that I will find a matching right brace soon.
(If you're confused by all this, try typing `I}' now.)

! Missing { inserted.
<to be read again> 
                   _
l.1 from __future__
                    import print_function
A left brace was mandatory here, so I've put one in.
You might want to delete and/or insert some corrections
so that I will find a matching right brace soon.
(If you're confused by all this, try typing `I}' now.)

! Missing $ inserted.
<inserted text> 
                $
l.9 
    
I've inserted a begin-math/end-math symbol since I think
you left one out. Proceed, with fingers crossed.

! Missing } inserted.
<inserted text> 
                }
l.9 
    
I've inserted something that you may have forgotten.
(See the <inserted text> above.)
With luck, this will get me unwedged. But if you
really didn't forget anything, try typing `2' now; then
my insertion and my current dilemma will both disappear.

! Missing } inserted.
<inserted text> 
                }
l.9 
    
I've inserted something that you may have forgotten.
(See the <inserted text> above.)
With luck, this will get me unwedged. But if you
really didn't forget anything, try typing `2' now; then
my insertion and my current dilemma will both disappear.


Overfull \hbox (20.0pt too wide) in paragraph at lines 1--9
[]
 []


Overfull \hbox (548.42685pt too wide) in paragraph at lines 1--9
$[]$ 
 []


! LaTeX Error: Missing \begin{document}.

See the LaTeX manual or LaTeX Companion for explanation.
Type  H <return>  for immediate help.
 ...                                              
                                                  
l.11 c
      lass Beat:
You're in trouble here.  Try typing  <return>  to proceed.
If that doesn't work, type  X <return>  to quit.

Missing character: There is no c in font nullfont!
Missing character: There is no l in font nullfont!
Missing character: There is no a in font nullfont!
Missing character: There is no s in font nullfont!
Missing character: There is no s in font nullfont!
Missing character: There is no B in font nullfont!
Missing character: There is no e in font nullfont!
Missing character: There is no a in font nullfont!
Missing character: There is no t in font nullfont!
Missing character: There is no : in font nullfont!
Missing character: There is no d in font nullfont!
Missing character: There is no e in font nullfont!
Missing character: There is no f in font nullfont!
! Missing $ inserted.
<inserted text> 
                $
l.12     def _
              _init__(self, pixels, speed):
I've inserted a begin-math/end-math symbol since I think
you left one out. Proceed, with fingers crossed.

! Missing { inserted.
<to be read again> 
                   _
l.12     def __
               init__(self, pixels, speed):
A left brace was mandatory here, so I've put one in.
You might want to delete and/or insert some corrections
so that I will find a matching right brace soon.
(If you're confused by all this, try typing `I}' now.)

! Missing { inserted.
<to be read again> 
                   _
l.12     def __init__
                     (self, pixels, speed):
A left brace was mandatory here, so I've put one in.
You might want to delete and/or insert some corrections
so that I will find a matching right brace soon.
(If you're confused by all this, try typing `I}' now.)

! Missing $ inserted.
<inserted text> 
                $
l.16 
     
I've inserted a begin-math/end-math symbol since I think
you left one out. Proceed, with fingers crossed.

! Missing } inserted.
<inserted text> 
                }
l.16 
     
I've inserted something that you may have forgotten.
(See the <inserted text> above.)
With luck, this will get me unwedged. But if you
really didn't forget anything, try typing `2' now; then
my insertion and my current dilemma will both disappear.

! Missing } inserted.
<inserted text> 
                }
l.16 
     
I've inserted something that you may have forgotten.
(See the <inserted text> above.)
With luck, this will get me unwedged. But if you
really didn't forget anything, try typing `2' now; then
my insertion and my current dilemma will both disappear.


Overfull \hbox (20.0pt too wide) in paragraph at lines 11--16
[]
 []


Overfull \hbox (267.02411pt too wide) in paragraph at lines 11--16
$[]$ 
 []


! LaTeX Error: Missing \begin{document}.

See the LaTeX manual or LaTeX Companion for explanation.
Type  H <return>  for immediate help.
 ...                                              
                                                  
l.17     d
          ef update_pixels(self):
You're in trouble here.  Try typing  <return>  to proceed.
If that doesn't work, type  X <return>  to quit.

Missing character: There is no d in font nullfont!
Missing character: There is no e in font nullfont!
Missing character: There is no f in font nullfont!
Missing character: There is no u in font nullfont!
Missing character: There is no p in font nullfont!
Missing character: There is no d in font nullfont!
Missing character: There is no a in font nullfont!
Missing character: There is no t in font nullfont!
Missing character: There is no e in font nullfont!
! Missing $ inserted.
<inserted text> 
                $
l.17     def update_
                    pixels(self):
I've inserted a begin-math/end-math symbol since I think
you left one out. Proceed, with fingers crossed.

! Missing $ inserted.
<inserted text> 
                $
l.19 
     
I've inserted a begin-math/end-math symbol since I think
you left one out. Proceed, with fingers crossed.


Overfull \hbox (20.0pt too wide) in paragraph at lines 17--19
[]
 []


Overfull \hbox (58.13698pt too wide) in paragraph at lines 17--19
$[]\OML/cmm/m/it/10 ixels\OT1/cmr/m/n/10 (\OML/cmm/m/it/10 self\OT1/cmr/m/n/10 
) :$
 []


Overfull \hbox (78.74573pt too wide) in paragraph at lines 17--19
$\OML/cmm/m/it/10 self:iteration\OT1/cmr/m/n/10 + =$
 []


Overfull \hbox (5.00002pt too wide) in paragraph at lines 17--19
$\OT1/cmr/m/n/10 1$ 
 []

! You can't use `macro parameter character #' in vertical mode.
l.20         #
               Roll the pixel values to the right
Sorry, but I'm not programmed to handle this case;
I'll just pretend that you didn't ask for it.
If you're in the wrong mode, you might be able to
return to the right one by typing `I}' or `I$' or `I\par'.


! LaTeX Error: Missing \begin{document}.

See the LaTeX manual or LaTeX Companion for explanation.
Type  H <return>  for immediate help.
 ...                                              
                                                  
l.20         # R
                oll the pixel values to the right
You're in trouble here.  Try typing  <return>  to proceed.
If that doesn't work, type  X <return>  to quit.

Missing character: There is no R in font nullfont!
Missing character: There is no o in font nullfont!
Missing character: There is no l in font nullfont!
Missing character: There is no l in font nullfont!
Missing character: There is no t in font nullfont!
Missing character: There is no h in font nullfont!
Missing character: There is no e in font nullfont!
Missing character: There is no p in font nullfont!
Missing character: There is no i in font nullfont!
Missing character: There is no x in font nullfont!
Missing character: There is no e in font nullfont!
Missing character: There is no l in font nullfont!
Missing character: There is no v in font nullfont!
Missing character: There is no a in font nullfont!
Missing character: There is no l in font nullfont!
Missing character: There is no u in font nullfont!
Missing character: There is no e in font nullfont!
Missing character: There is no s in font nullfont!
Missing character: There is no t in font nullfont!
Missing character: There is no o in font nullfont!
Missing character: There is no t in font nullfont!
Missing character: There is no h in font nullfont!
Missing character: There is no e in font nullfont!
Missing character: There is no r in font nullfont!
Missing character: There is no i in font nullfont!
Missing character: There is no g in font nullfont!
Missing character: There is no h in font nullfont!
Missing character: There is no t in font nullfont!
! You can't use `macro parameter character #' in horizontal mode.
l.21         #
               Temporal dithering is used to support fractional speed values
Sorry, but I'm not programmed to handle this case;
I'll just pretend that you didn't ask for it.
If you're in the wrong mode, you might be able to
return to the right one by typing `I}' or `I$' or `I\par'.

Missing character: There is no T in font nullfont!
Missing character: There is no e in font nullfont!
Missing character: There is no m in font nullfont!
Missing character: There is no p in font nullfont!
Missing character: There is no o in font nullfont!
Missing character: There is no r in font nullfont!
Missing character: There is no a in font nullfont!
Missing character: There is no l in font nullfont!
Missing character: There is no d in font nullfont!
Missing character: There is no i in font nullfont!
Missing character: There is no t in font nullfont!
Missing character: There is no h in font nullfont!
Missing character: There is no e in font nullfont!
Missing character: There is no r in font nullfont!
Missing character: There is no i in font nullfont!
Missing character: There is no n in font nullfont!
Missing character: There is no g in font nullfont!
Missing character: There is no i in font nullfont!
Missing character: There is no s in font nullfont!
Missing character: There is no u in font nullfont!
Missing character: There is no s in font nullfont!
Missing character: There is no e in font nullfont!
Missing character: There is no d in font nullfont!
Missing character: There is no t in font nullfont!
Missing character: There is no o in font nullfont!
Missing character: There is no s in font nullfont!
Missing character: There is no u in font nullfont!
Missing character: There is no p in font nullfont!
Missing character: There is no p in font nullfont!
Missing character: There is no o in font nullfont!
Missing character: There is no r in font nullfont!
Missing character: There is no t in font nullfont!
Missing character: There is no f in font nullfont!
Missing character: There is no r in font nullfont!
Missing character: There is no a in font nullfont!
Missing character: There is no c in font nullfont!
Missing character: There is no t in font nullfont!
Missing character: There is no i in font nullfont!
Missing character: There is no o in font nullfont!
Missing character: There is no n in font nullfont!
Missing character: There is no a in font nullfont!
Missing character: There is no l in font nullfont!
Missing character: There is no s in font nullfont!
Missing character: There is no p in font nullfont!
Missing character: There is no e in font nullfont!
Missing character: There is no e in font nullfont!
Missing character: There is no d in font nullfont!
Missing character: There is no v in font nullfont!
Missing character: There is no a in font nullfont!
Missing character: There is no l in font nullfont!
Missing character: There is no u in font nullfont!
Missing character: There is no e in font nullfont!
Missing character: There is no s in font nullfont!
Missing character: There is no r in font nullfont!
Missing character: There is no o in font nullfont!
Missing character: There is no l in font nullfont!
Missing character: There is no l in font nullfont!
Missing character: There is no = in font nullfont!
Missing character: There is no i in font nullfont!
Missing character: There is no n in font nullfont!
Missing character: There is no t in font nullfont!
Missing character: There is no ( in font nullfont!
Missing character: There is no s in font nullfont!
Missing character: There is no e in font nullfont!
Missing character: There is no l in font nullfont!
Missing character: There is no f in font nullfont!
Missing character: There is no . in font nullfont!
Missing character: There is no s in font nullfont!
Missing character: There is no p in font nullfont!
Missing character: There is no e in font nullfont!
Missing character: There is no e in font nullfont!
Missing character: There is no d in font nullfont!
Missing character: There is no ) in font nullfont!
Missing character: There is no r in font nullfont!
Missing character: There is no o in font nullfont!
Missing character: There is no l in font nullfont!
Missing character: There is no l in font nullfont!
Missing character: There is no + in font nullfont!
Missing character: There is no = in font nullfont!
Missing character: There is no 1 in font nullfont!
Missing character: There is no i in font nullfont!
Missing character: There is no f in font nullfont!
Missing character: There is no n in font nullfont!
Missing character: There is no p in font nullfont!
Missing character: There is no . in font nullfont!
Missing character: There is no r in font nullfont!
Missing character: There is no a in font nullfont!
Missing character: There is no n in font nullfont!
Missing character: There is no d in font nullfont!
Missing character: There is no o in font nullfont!
Missing character: There is no m in font nullfont!
Missing character: There is no . in font nullfont!
Missing character: There is no r in font nullfont!
Missing character: There is no a in font nullfont!
Missing character: There is no n in font nullfont!
Missing character: There is no d in font nullfont!
Missing character: There is no o in font nullfont!
Missing character: There is no m in font nullfont!
Missing character: There is no ( in font nullfont!
Missing character: There is no ) in font nullfont!
Missing character: There is no < in font nullfont!
Missing character: There is no s in font nullfont!
Missing character: There is no e in font nullfont!
Missing character: There is no l in font nullfont!
Missing character: There is no f in font nullfont!
Missing character: There is no . in font nullfont!
Missing character: There is no s in font nullfont!
Missing character: There is no p in font nullfont!
Missing character: There is no e in font nullfont!
Missing character: There is no e in font nullfont!
Missing character: There is no d in font nullfont!
Missing character: There is no - in font nullfont!
Missing character: There is no r in font nullfont!
Missing character: There is no o in font nullfont!
Missing character: There is no l in font nullfont!
Missing character: There is no l in font nullfont!
Missing character: There is no e in font nullfont!
Missing character: There is no l in font nullfont!
Missing character: There is no s in font nullfont!
Missing character: There is no e in font nullfont!
Missing character: There is no 0 in font nullfont!
Missing character: There is no s in font nullfont!
Missing character: There is no e in font nullfont!
Missing character: There is no l in font nullfont!
Missing character: There is no f in font nullfont!
Missing character: There is no . in font nullfont!
Missing character: There is no p in font nullfont!
Missing character: There is no i in font nullfont!
Missing character: There is no x in font nullfont!
Missing character: There is no e in font nullfont!
Missing character: There is no l in font nullfont!
Missing character: There is no s in font nullfont!
Missing character: There is no = in font nullfont!
Missing character: There is no n in font nullfont!
Missing character: There is no p in font nullfont!
Missing character: There is no . in font nullfont!
Missing character: There is no r in font nullfont!
Missing character: There is no o in font nullfont!
Missing character: There is no l in font nullfont!
Missing character: There is no l in font nullfont!
Missing character: There is no ( in font nullfont!
Missing character: There is no s in font nullfont!
Missing character: There is no e in font nullfont!
Missing character: There is no l in font nullfont!
Missing character: There is no f in font nullfont!
Missing character: There is no . in font nullfont!
Missing character: There is no p in font nullfont!
Missing character: There is no i in font nullfont!
Missing character: There is no x in font nullfont!
Missing character: There is no e in font nullfont!
Missing character: There is no l in font nullfont!
Missing character: There is no s in font nullfont!
Missing character: There is no , in font nullfont!
Missing character: There is no r in font nullfont!
Missing character: There is no o in font nullfont!
Missing character: There is no l in font nullfont!
Missing character: There is no l in font nullfont!
Missing character: There is no , in font nullfont!
Missing character: There is no a in font nullfont!
Missing character: There is no x in font nullfont!
Missing character: There is no i in font nullfont!
Missing character: There is no s in font nullfont!
Missing character: There is no = in font nullfont!
Missing character: There is no 0 in font nullfont!
Missing character: There is no ) in font nullfont!
Missing character: There is no s in font nullfont!
Missing character: There is no e in font nullfont!
Missing character: There is no l in font nullfont!
Missing character: There is no f in font nullfont!
Missing character: There is no . in font nullfont!
Missing character: There is no p in font nullfont!
Missing character: There is no i in font nullfont!
Missing character: There is no x in font nullfont!
Missing character: There is no e in font nullfont!
Missing character: There is no l in font nullfont!
Missing character: There is no s in font nullfont!
Missing character: There is no [ in font nullfont!
Missing character: There is no : in font nullfont!
Missing character: There is no r in font nullfont!
Missing character: There is no o in font nullfont!
Missing character: There is no l in font nullfont!
Missing character: There is no l in font nullfont!
Missing character: There is no ] in font nullfont!
Missing character: There is no * in font nullfont!
Missing character: There is no = in font nullfont!
Missing character: There is no 0 in font nullfont!
Missing character: There is no . in font nullfont!
Missing character: There is no 0 in font nullfont!

Overfull \hbox (20.0pt too wide) in paragraph at lines 20--26
[]
 []

! You can't use `macro parameter character #' in vertical mode.
l.27         #
               Apply Gaussian blur to create a dispersion effect
Sorry, but I'm not programmed to handle this case;
I'll just pretend that you didn't ask for it.
If you're in the wrong mode, you might be able to
return to the right one by typing `I}' or `I$' or `I\par'.


! LaTeX Error: Missing \begin{document}.

See the LaTeX manual or LaTeX Companion for explanation.
Type  H <return>  for immediate help.
 ...                                              
                                                  
l.27         # A
                pply Gaussian blur to create a dispersion effect
You're in trouble here.  Try typing  <return>  to proceed.
If that doesn't work, type  X <return>  to quit.

Missing character: There is no A in font nullfont!
Missing character: There is no p in font nullfont!
Missing character: There is no p in font nullfont!
Missing character: There is no l in font nullfont!
Missing character: There is no y in font nullfont!
Missing character: There is no G in font nullfont!
Missing character: There is no a in font nullfont!
Missing character: There is no u in font nullfont!
Missing character: There is no s in font nullfont!
Missing character: There is no s in font nullfont!
Missing character: There is no i in font nullfont!
Missing character: There is no a in font nullfont!
Missing character: There is no n in font nullfont!
Missing character: There is no b in font nullfont!
Missing character: There is no l in font nullfont!
Missing character: There is no u in font nullfont!
Missing character: There is no r in font nullfont!
Missing character: There is no t in font nullfont!
Missing character: There is no o in font nullfont!
Missing character: There is no c in font nullfont!
Missing character: There is no r in font nullfont!
Missing character: There is no e in font nullfont!
Missing character: There is no a in font nullfont!
Missing character: There is no t in font nullfont!
Missing character: There is no e in font nullfont!
Missing character: There is no a in font nullfont!
Missing character: There is no d in font nullfont!
Missing character: There is no i in font nullfont!
Missing character: There is no s in font nullfont!
Missing character: There is no p in font nullfont!
Missing character: There is no e in font nullfont!
Missing character: There is no r in font nullfont!
Missing character: There is no s in font nullfont!
Missing character: There is no i in font nullfont!
Missing character: There is no o in font nullfont!
Missing character: There is no n in font nullfont!
Missing character: There is no e in font nullfont!
Missing character: There is no f in font nullfont!
Missing character: There is no f in font nullfont!
Missing character: There is no e in font nullfont!
Missing character: There is no c in font nullfont!
Missing character: There is no t in font nullfont!
! You can't use `macro parameter character #' in horizontal mode.
l.28         #
               Dispersion increases in strength over time
Sorry, but I'm not programmed to handle this case;
I'll just pretend that you didn't ask for it.
If you're in the wrong mode, you might be able to
return to the right one by typing `I}' or `I$' or `I\par'.

Missing character: There is no D in font nullfont!
Missing character: There is no i in font nullfont!
Missing character: There is no s in font nullfont!
Missing character: There is no p in font nullfont!
Missing character: There is no e in font nullfont!
Missing character: There is no r in font nullfont!
Missing character: There is no s in font nullfont!
Missing character: There is no i in font nullfont!
Missing character: There is no o in font nullfont!
Missing character: There is no n in font nullfont!
Missing character: There is no i in font nullfont!
Missing character: There is no n in font nullfont!
Missing character: There is no c in font nullfont!
Missing character: There is no r in font nullfont!
Missing character: There is no e in font nullfont!
Missing character: There is no a in font nullfont!
Missing character: There is no s in font nullfont!
Missing character: There is no e in font nullfont!
Missing character: There is no s in font nullfont!
Missing character: There is no i in font nullfont!
Missing character: There is no n in font nullfont!
Missing character: There is no s in font nullfont!
Missing character: There is no t in font nullfont!
Missing character: There is no r in font nullfont!
Missing character: There is no e in font nullfont!
Missing character: There is no n in font nullfont!
Missing character: There is no g in font nullfont!
Missing character: There is no t in font nullfont!
Missing character: There is no h in font nullfont!
Missing character: There is no o in font nullfont!
Missing character: There is no v in font nullfont!
Missing character: There is no e in font nullfont!
Missing character: There is no r in font nullfont!
Missing character: There is no t in font nullfont!
Missing character: There is no i in font nullfont!
Missing character: There is no m in font nullfont!
Missing character: There is no e in font nullfont!
Missing character: There is no s in font nullfont!
Missing character: There is no i in font nullfont!
Missing character: There is no g in font nullfont!
Missing character: There is no m in font nullfont!
Missing character: There is no a in font nullfont!
Missing character: There is no = in font nullfont!
Missing character: There is no ( in font nullfont!
Missing character: There is no 2 in font nullfont!
Missing character: There is no . in font nullfont!
Missing character: There is no * in font nullfont!
Missing character: There is no . in font nullfont!
Missing character: There is no 1 in font nullfont!
Missing character: There is no 4 in font nullfont!
Missing character: There is no * in font nullfont!
Missing character: There is no s in font nullfont!
Missing character: There is no e in font nullfont!
Missing character: There is no l in font nullfont!
Missing character: There is no f in font nullfont!
Missing character: There is no . in font nullfont!
Missing character: There is no i in font nullfont!
Missing character: There is no t in font nullfont!
Missing character: There is no e in font nullfont!
Missing character: There is no r in font nullfont!
Missing character: There is no a in font nullfont!
Missing character: There is no t in font nullfont!
Missing character: There is no i in font nullfont!
Missing character: There is no o in font nullfont!
Missing character: There is no n in font nullfont!
Missing character: There is no / in font nullfont!
Missing character: There is no ( in font nullfont!
Missing character: There is no c in font nullfont!
Missing character: There is no o in font nullfont!
Missing character: There is no n in font nullfont!
Missing character: There is no f in font nullfont!
Missing character: There is no i in font nullfont!
Missing character: There is no g in font nullfont!
Missing character: There is no . in font nullfont!
Missing character: There is no N in font nullfont!
! Missing $ inserted.
<inserted text> 
                $
l.29 ... = (2. * .14 * self.iteration / (config.N_
                                                  PIXELS * self.speed))**4.
I've inserted a begin-math/end-math symbol since I think
you left one out. Proceed, with fingers crossed.

! Missing $ inserted.
<inserted text> 
                $
l.31 
     
I've inserted a begin-math/end-math symbol since I think
you left one out. Proceed, with fingers crossed.


Overfull \hbox (20.0pt too wide) in paragraph at lines 27--31
[]
 []


Overfull \hbox (47.3899pt too wide) in paragraph at lines 27--31
$[]\OML/cmm/m/it/10 IXELS \OMS/cmsy/m/n/10 $
 []


Overfull \hbox (57.73279pt too wide) in paragraph at lines 27--31
$\OML/cmm/m/it/10 self:speed\OT1/cmr/m/n/10 )) \OMS/cmsy/m/n/10 $
 []


Overfull \hbox (70.76814pt too wide) in paragraph at lines 27--31
$\OMS/cmsy/m/n/10 \OT1/cmr/m/n/10 4\OML/cmm/m/it/10 :self:pixels \OT1/cmr/m/n/
10 =$
 []


Overfull \hbox (199.70793pt too wide) in paragraph at lines 27--31
$\OML/cmm/m/it/10 gaussian[]ilter\OT1/cmr/m/n/10 1\OML/cmm/m/it/10 d\OT1/cmr/m/
n/10 (\OML/cmm/m/it/10 self:pixels; sigma; mode \OT1/cmr/m/n/10 =[]$
 []


Overfull \hbox (45.06956pt too wide) in paragraph at lines 27--31
$\OML/cmm/m/it/10 constant[]\OT1/cmr/m/n/10 )$ 
 []

! You can't use `macro parameter character #' in vertical mode.
l.32         #
               Exponentially decay the brightness over time
Sorry, but I'm not programmed to handle this case;
I'll just pretend that you didn't ask for it.
If you're in the wrong mode, you might be able to
return to the right one by typing `I}' or `I$' or `I\par'.


! LaTeX Error: Missing \begin{document}.

See the LaTeX manual or LaTeX Companion for explanation.
Type  H <return>  for immediate help.
 ...                                              
                                                  
l.32         # E
                xponentially decay the brightness over time
You're in trouble here.  Try typing  <return>  to proceed.
If that doesn't work, type  X <return>  to quit.

Missing character: There is no E in font nullfont!
Missing character: There is no x in font nullfont!
Missing character: There is no p in font nullfont!
Missing character: There is no o in font nullfont!
Missing character: There is no n in font nullfont!
Missing character: There is no e in font nullfont!
Missing character: There is no n in font nullfont!
Missing character: There is no t in font nullfont!
Missing character: There is no i in font nullfont!
Missing character: There is no a in font nullfont!
Missing character: There is no l in font nullfont!
Missing character: There is no l in font nullfont!
Missing character: There is no y in font nullfont!
Missing character: There is no d in font nullfont!
Missing character: There is no e in font nullfont!
Missing character: There is no c in font nullfont!
Missing character: There is no a in font nullfont!
Missing character: There is no y in font nullfont!
Missing character: There is no t in font nullfont!
Missing character: There is no h in font nullfont!
Missing character: There is no e in font nullfont!
Missing character: There is no b in font nullfont!
Missing character: There is no r in font nullfont!
Missing character: There is no i in font nullfont!
Missing character: There is no g in font nullfont!
Missing character: There is no h in font nullfont!
Missing character: There is no t in font nullfont!
Missing character: There is no n in font nullfont!
Missing character: There is no e in font nullfont!
Missing character: There is no s in font nullfont!
Missing character: There is no s in font nullfont!
Missing character: There is no o in font nullfont!
Missing character: There is no v in font nullfont!
Missing character: There is no e in font nullfont!
Missing character: There is no r in font nullfont!
Missing character: There is no t in font nullfont!
Missing character: There is no i in font nullfont!
Missing character: There is no m in font nullfont!
Missing character: There is no e in font nullfont!
! You can't use `macro parameter character #' in horizontal mode.
l.33         #
               The decay helps to direct viewer's focus to newer and brighte...
Sorry, but I'm not programmed to handle this case;
I'll just pretend that you didn't ask for it.
If you're in the wrong mode, you might be able to
return to the right one by typing `I}' or `I$' or `I\par'.

Missing character: There is no T in font nullfont!
Missing character: There is no h in font nullfont!
Missing character: There is no e in font nullfont!
Missing character: There is no d in font nullfont!
Missing character: There is no e in font nullfont!
Missing character: There is no c in font nullfont!
Missing character: There is no a in font nullfont!
Missing character: There is no y in font nullfont!
Missing character: There is no h in font nullfont!
Missing character: There is no e in font nullfont!
Missing character: There is no l in font nullfont!
Missing character: There is no p in font nullfont!
Missing character: There is no s in font nullfont!
Missing character: There is no t in font nullfont!
Missing character: There is no o in font nullfont!
Missing character: There is no d in font nullfont!
Missing character: There is no i in font nullfont!
Missing character: There is no r in font nullfont!
Missing character: There is no e in font nullfont!
Missing character: There is no c in font nullfont!
Missing character: There is no t in font nullfont!
Missing character: There is no v in font nullfont!
Missing character: There is no i in font nullfont!
Missing character: There is no e in font nullfont!
Missing character: There is no w in font nullfont!
Missing character: There is no e in font nullfont!
Missing character: There is no r in font nullfont!
Missing character: There is no ' in font nullfont!
Missing character: There is no s in font nullfont!
Missing character: There is no f in font nullfont!
Missing character: There is no o in font nullfont!
Missing character: There is no c in font nullfont!
Missing character: There is no u in font nullfont!
Missing character: There is no s in font nullfont!
Missing character: There is no t in font nullfont!
Missing character: There is no o in font nullfont!
Missing character: There is no n in font nullfont!
Missing character: There is no e in font nullfont!
Missing character: There is no w in font nullfont!
Missing character: There is no e in font nullfont!
Missing character: There is no r in font nullfont!
Missing character: There is no a in font nullfont!
Missing character: There is no n in font nullfont!
Missing character: There is no d in font nullfont!
Missing character: There is no b in font nullfont!
Missing character: There is no r in font nullfont!
Missing character: There is no i in font nullfont!
Missing character: There is no g in font nullfont!
Missing character: There is no h in font nullfont!
Missing character: There is no t in font nullfont!
Missing character: There is no e in font nullfont!
Missing character: There is no r in font nullfont!
Missing character: There is no b in font nullfont!
Missing character: There is no e in font nullfont!
Missing character: There is no a in font nullfont!
Missing character: There is no t in font nullfont!
Missing character: There is no s in font nullfont!
Missing character: There is no s in font nullfont!
Missing character: There is no e in font nullfont!
Missing character: There is no l in font nullfont!
Missing character: There is no f in font nullfont!
Missing character: There is no . in font nullfont!
Missing character: There is no p in font nullfont!
Missing character: There is no i in font nullfont!
Missing character: There is no x in font nullfont!
Missing character: There is no e in font nullfont!
Missing character: There is no l in font nullfont!
Missing character: There is no s in font nullfont!
Missing character: There is no * in font nullfont!
Missing character: There is no = in font nullfont!
Missing character: There is no n in font nullfont!
Missing character: There is no p in font nullfont!
Missing character: There is no . in font nullfont!
Missing character: There is no e in font nullfont!
Missing character: There is no x in font nullfont!
Missing character: There is no p in font nullfont!
Missing character: There is no ( in font nullfont!
Missing character: There is no 2 in font nullfont!
Missing character: There is no . in font nullfont!
Missing character: There is no * in font nullfont!
Missing character: There is no n in font nullfont!
Missing character: There is no p in font nullfont!
Missing character: There is no . in font nullfont!
Missing character: There is no l in font nullfont!
Missing character: There is no o in font nullfont!
Missing character: There is no g in font nullfont!
Missing character: There is no ( in font nullfont!
Missing character: There is no . in font nullfont!
Missing character: There is no 1 in font nullfont!
Missing character: There is no ) in font nullfont!
Missing character: There is no / in font nullfont!
Missing character: There is no ( in font nullfont!
Missing character: There is no s in font nullfont!
Missing character: There is no e in font nullfont!
Missing character: There is no l in font nullfont!
Missing character: There is no f in font nullfont!
Missing character: There is no . in font nullfont!
Missing character: There is no s in font nullfont!
Missing character: There is no p in font nullfont!
Missing character: There is no e in font nullfont!
Missing character: There is no e in font nullfont!
Missing character: There is no d in font nullfont!
Missing character: There is no * in font nullfont!
Missing character: There is no c in font nullfont!
Missing character: There is no o in font nullfont!
Missing character: There is no n in font nullfont!
Missing character: There is no f in font nullfont!
Missing character: There is no i in font nullfont!
Missing character: There is no g in font nullfont!
Missing character: There is no . in font nullfont!
Missing character: There is no N in font nullfont!
! Missing $ inserted.
<inserted text> 
                $
l.34 ...(2. * np.log(.1) / (self.speed * config.N_
                                                  PIXELS))
I've inserted a begin-math/end-math symbol since I think
you left one out. Proceed, with fingers crossed.

! Missing $ inserted.
<inserted text> 
                $
l.37 
     
I've inserted a begin-math/end-math symbol since I think
you left one out. Proceed, with fingers crossed.


Overfull \hbox (20.0pt too wide) in paragraph at lines 32--37
[]
 []


Overfull \hbox (108.158pt too wide) in paragraph at lines 32--37
$[]\OML/cmm/m/it/10 IXELS\OT1/cmr/m/n/10 ))\OML/cmm/m/it/10 self:pixels \OT1/cm
r/m/n/10 =$
 []


Overfull \hbox (146.27133pt too wide) in paragraph at lines 32--37
$\OML/cmm/m/it/10 np:round\OT1/cmr/m/n/10 (\OML/cmm/m/it/10 self:pixels; decima
ls \OT1/cmr/m/n/10 =$
 []


Overfull \hbox (66.87924pt too wide) in paragraph at lines 32--37
$\OT1/cmr/m/n/10 2)\OML/cmm/m/it/10 self:pixels \OT1/cmr/m/n/10 =$
 []


Overfull \hbox (113.8974pt too wide) in paragraph at lines 32--37
$\OML/cmm/m/it/10 np:clip\OT1/cmr/m/n/10 (\OML/cmm/m/it/10 self:pixels; \OT1/cm
r/m/n/10 0\OML/cmm/m/it/10 ; \OT1/cmr/m/n/10 255)$ 
 []


! LaTeX Error: Missing \begin{document}.

See the LaTeX manual or LaTeX Companion for explanation.
Type  H <return>  for immediate help.
 ...                                              
                                                  
l.38     d
          ef finished(self):
You're in trouble here.  Try typing  <return>  to proceed.
If that doesn't work, type  X <return>  to quit.

Missing character: There is no d in font nullfont!
Missing character: There is no e in font nullfont!
Missing character: There is no f in font nullfont!
Missing character: There is no f in font nullfont!
Missing character: There is no i in font nullfont!
Missing character: There is no n in font nullfont!
Missing character: There is no i in font nullfont!
Missing character: There is no s in font nullfont!
Missing character: There is no h in font nullfont!
Missing character: There is no e in font nullfont!
Missing character: There is no d in font nullfont!
Missing character: There is no ( in font nullfont!
Missing character: There is no s in font nullfont!
Missing character: There is no e in font nullfont!
Missing character: There is no l in font nullfont!
Missing character: There is no f in font nullfont!
Missing character: There is no ) in font nullfont!
Missing character: There is no : in font nullfont!
Missing character: There is no r in font nullfont!
Missing character: There is no e in font nullfont!
Missing character: There is no t in font nullfont!
Missing character: There is no u in font nullfont!
Missing character: There is no r in font nullfont!
Missing character: There is no n in font nullfont!
Missing character: There is no n in font nullfont!
Missing character: There is no p in font nullfont!
Missing character: There is no . in font nullfont!
Missing character: There is no a in font nullfont!
Missing character: There is no r in font nullfont!
Missing character: There is no r in font nullfont!
Missing character: There is no a in font nullfont!
Missing character: There is no y in font nullfont!
! Missing $ inserted.
<inserted text> 
                $
l.39         return np.array_
                             equal(self.pixels, self.pixels * 0.0)
I've inserted a begin-math/end-math symbol since I think
you left one out. Proceed, with fingers crossed.

! Missing $ inserted.
<inserted text> 
                $
l.40 
     
I've inserted a begin-math/end-math symbol since I think
you left one out. Proceed, with fingers crossed.


Overfull \hbox (20.0pt too wide) in paragraph at lines 38--40
[]
 []


Overfull \hbox (131.51102pt too wide) in paragraph at lines 38--40
$[]\OML/cmm/m/it/10 qual\OT1/cmr/m/n/10 (\OML/cmm/m/it/10 self:pixels; self:pix
els \OMS/cmsy/m/n/10 $
 []


Overfull \hbox (16.66672pt too wide) in paragraph at lines 38--40
$\OT1/cmr/m/n/10 0\OML/cmm/m/it/10 :\OT1/cmr/m/n/10 0)$ 
 []


! LaTeX Error: Missing \begin{document}.

See the LaTeX manual or LaTeX Companion for explanation.
Type  H <return>  for immediate help.
 ...                                              
                                                  
l.42 d
      ef rainbow(speed=1.0 / 5.0):
You're in trouble here.  Try typing  <return>  to proceed.
If that doesn't work, type  X <return>  to quit.

Missing character: There is no d in font nullfont!
Missing character: There is no e in font nullfont!
Missing character: There is no f in font nullfont!
Missing character: There is no r in font nullfont!
Missing character: There is no a in font nullfont!
Missing character: There is no i in font nullfont!
Missing character: There is no n in font nullfont!
Missing character: There is no b in font nullfont!
Missing character: There is no o in font nullfont!
Missing character: There is no w in font nullfont!
Missing character: There is no ( in font nullfont!
Missing character: There is no s in font nullfont!
Missing character: There is no p in font nullfont!
Missing character: There is no e in font nullfont!
Missing character: There is no e in font nullfont!
Missing character: There is no d in font nullfont!
Missing character: There is no = in font nullfont!
Missing character: There is no 1 in font nullfont!
Missing character: There is no . in font nullfont!
Missing character: There is no 0 in font nullfont!
Missing character: There is no / in font nullfont!
Missing character: There is no 5 in font nullfont!
Missing character: There is no . in font nullfont!
Missing character: There is no 0 in font nullfont!
Missing character: There is no ) in font nullfont!
Missing character: There is no : in font nullfont!
! You can't use `macro parameter character #' in horizontal mode.
l.43     #
           Note: assumes array is N_PIXELS / 2 long
Sorry, but I'm not programmed to handle this case;
I'll just pretend that you didn't ask for it.
If you're in the wrong mode, you might be able to
return to the right one by typing `I}' or `I$' or `I\par'.

Missing character: There is no N in font nullfont!
Missing character: There is no o in font nullfont!
Missing character: There is no t in font nullfont!
Missing character: There is no e in font nullfont!
Missing character: There is no : in font nullfont!
Missing character: There is no a in font nullfont!
Missing character: There is no s in font nullfont!
Missing character: There is no s in font nullfont!
Missing character: There is no u in font nullfont!
Missing character: There is no m in font nullfont!
Missing character: There is no e in font nullfont!
Missing character: There is no s in font nullfont!
Missing character: There is no a in font nullfont!
Missing character: There is no r in font nullfont!
Missing character: There is no r in font nullfont!
Missing character: There is no a in font nullfont!
Missing character: There is no y in font nullfont!
Missing character: There is no i in font nullfont!
Missing character: There is no s in font nullfont!
Missing character: There is no N in font nullfont!
! Missing $ inserted.
<inserted text> 
                $
l.43     # Note: assumes array is N_
                                    PIXELS / 2 long
I've inserted a begin-math/end-math symbol since I think
you left one out. Proceed, with fingers crossed.

! Missing $ inserted.
<inserted text> 
                $
l.55 
     
I've inserted a begin-math/end-math symbol since I think
you left one out. Proceed, with fingers crossed.


Overfull \hbox (20.0pt too wide) in paragraph at lines 42--55
[]
 []


Overfull \hbox (90.36446pt too wide) in paragraph at lines 42--55
$[]\OML/cmm/m/it/10 IXELS=\OT1/cmr/m/n/10 2\OML/cmm/m/it/10 longdt \OT1/cmr/m/n
/10 =$
 []


Overfull \hbox (124.37978pt too wide) in paragraph at lines 42--55
$\OML/cmm/m/it/10 np:pi=config:N[]IXELSt \OT1/cmr/m/n/10 =$
 []


Overfull \hbox (56.5409pt too wide) in paragraph at lines 42--55
$\OML/cmm/m/it/10 time:time\OT1/cmr/m/n/10 () \OMS/cmsy/m/n/10 $
 []


Overfull \hbox (61.80331pt too wide) in paragraph at lines 42--55
$\OML/cmm/m/it/10 speeddefr\OT1/cmr/m/n/10 (\OML/cmm/m/it/10 t\OT1/cmr/m/n/10 )
 :$
 []


Overfull \hbox (76.68613pt too wide) in paragraph at lines 42--55
$\OML/cmm/m/it/10 return\OT1/cmr/m/n/10 (\OML/cmm/m/it/10 np:sin\OT1/cmr/m/n/10
 (\OML/cmm/m/it/10 t \OT1/cmr/m/n/10 +$
 []


Overfull \hbox (24.44452pt too wide) in paragraph at lines 42--55
$\OT1/cmr/m/n/10 0\OML/cmm/m/it/10 :\OT1/cmr/m/n/10 0) +$
 []


Overfull \hbox (21.66673pt too wide) in paragraph at lines 42--55
$\OT1/cmr/m/n/10 1\OML/cmm/m/it/10 :\OT1/cmr/m/n/10 0) \OMS/cmsy/m/n/10 $
 []


Overfull \hbox (68.46191pt too wide) in paragraph at lines 42--55
$\OT1/cmr/m/n/10 1\OML/cmm/m/it/10 :\OT1/cmr/m/n/10 0\OML/cmm/m/it/10 =\OT1/cmr
/m/n/10 2\OML/cmm/m/it/10 :\OT1/cmr/m/n/10 0\OML/cmm/m/it/10 defg\OT1/cmr/m/n/1
0 (\OML/cmm/m/it/10 t\OT1/cmr/m/n/10 ) :$
 []


Overfull \hbox (76.68613pt too wide) in paragraph at lines 42--55
$\OML/cmm/m/it/10 return\OT1/cmr/m/n/10 (\OML/cmm/m/it/10 np:sin\OT1/cmr/m/n/10
 (\OML/cmm/m/it/10 t \OT1/cmr/m/n/10 +$
 []


Overfull \hbox (43.33347pt too wide) in paragraph at lines 42--55
$\OT1/cmr/m/n/10 (2\OML/cmm/m/it/10 :\OT1/cmr/m/n/10 0\OML/cmm/m/it/10 =\OT1/cm
r/m/n/10 3\OML/cmm/m/it/10 :\OT1/cmr/m/n/10 0) \OMS/cmsy/m/n/10 $
 []


Overfull \hbox (33.95447pt too wide) in paragraph at lines 42--55
$\OML/cmm/m/it/10 np:pi\OT1/cmr/m/n/10 ) +$
 []


Overfull \hbox (21.66673pt too wide) in paragraph at lines 42--55
$\OT1/cmr/m/n/10 1\OML/cmm/m/it/10 :\OT1/cmr/m/n/10 0) \OMS/cmsy/m/n/10 $
 []


Overfull \hbox (67.6251pt too wide) in paragraph at lines 42--55
$\OT1/cmr/m/n/10 1\OML/cmm/m/it/10 :\OT1/cmr/m/n/10 0\OML/cmm/m/it/10 =\OT1/cmr
/m/n/10 2\OML/cmm/m/it/10 :\OT1/cmr/m/n/10 0\OML/cmm/m/it/10 defb\OT1/cmr/m/n/1
0 (\OML/cmm/m/it/10 t\OT1/cmr/m/n/10 ) :$
 []


Overfull \hbox (76.68613pt too wide) in paragraph at lines 42--55
$\OML/cmm/m/it/10 return\OT1/cmr/m/n/10 (\OML/cmm/m/it/10 np:sin\OT1/cmr/m/n/10
 (\OML/cmm/m/it/10 t \OT1/cmr/m/n/10 +$
 []


Overfull \hbox (43.33347pt too wide) in paragraph at lines 42--55
$\OT1/cmr/m/n/10 (4\OML/cmm/m/it/10 :\OT1/cmr/m/n/10 0\OML/cmm/m/it/10 =\OT1/cm
r/m/n/10 3\OML/cmm/m/it/10 :\OT1/cmr/m/n/10 0) \OMS/cmsy/m/n/10 $
 []


Overfull \hbox (33.95447pt too wide) in paragraph at lines 42--55
$\OML/cmm/m/it/10 np:pi\OT1/cmr/m/n/10 ) +$
 []


Overfull \hbox (21.66673pt too wide) in paragraph at lines 42--55
$\OT1/cmr/m/n/10 1\OML/cmm/m/it/10 :\OT1/cmr/m/n/10 0) \OMS/cmsy/m/n/10 $
 []


Overfull \hbox (46.82643pt too wide) in paragraph at lines 42--55
$\OT1/cmr/m/n/10 1\OML/cmm/m/it/10 :\OT1/cmr/m/n/10 0\OML/cmm/m/it/10 =\OT1/cmr
/m/n/10 2\OML/cmm/m/it/10 :\OT1/cmr/m/n/10 0\OML/cmm/m/it/10 x \OT1/cmr/m/n/10 
=$
 []


Overfull \hbox (303.919pt too wide) in paragraph at lines 42--55
$\OML/cmm/m/it/10 np:tile\OT1/cmr/m/n/10 (0\OML/cmm/m/it/10 :\OT1/cmr/m/n/10 0\
OML/cmm/m/it/10 ; \OT1/cmr/m/n/10 (\OML/cmm/m/it/10 config:N[]IXELS; \OT1/cmr/m
/n/10 3))\OML/cmm/m/it/10 foriinrange\OT1/cmr/m/n/10 (\OML/cmm/m/it/10 config:N
[]IXELS\OT1/cmr/m/n/10 ) :$
 []


Overfull \hbox (35.82707pt too wide) in paragraph at lines 42--55
$\OML/cmm/m/it/10 x\OT1/cmr/m/n/10 [\OML/cmm/m/it/10 i\OT1/cmr/m/n/10 ][0] =$
 []


Overfull \hbox (17.12341pt too wide) in paragraph at lines 42--55
$\OML/cmm/m/it/10 r\OT1/cmr/m/n/10 (\OML/cmm/m/it/10 i \OMS/cmsy/m/n/10 $
 []


Overfull \hbox (16.59378pt too wide) in paragraph at lines 42--55
$\OML/cmm/m/it/10 dt \OT1/cmr/m/n/10 +$
 []


Overfull \hbox (43.32709pt too wide) in paragraph at lines 42--55
$\OML/cmm/m/it/10 t\OT1/cmr/m/n/10 )\OML/cmm/m/it/10 x\OT1/cmr/m/n/10 [\OML/cmm
/m/it/10 i\OT1/cmr/m/n/10 ][1] =$
 []


Overfull \hbox (17.46251pt too wide) in paragraph at lines 42--55
$\OML/cmm/m/it/10 g\OT1/cmr/m/n/10 (\OML/cmm/m/it/10 i \OMS/cmsy/m/n/10 $
 []


Overfull \hbox (16.59378pt too wide) in paragraph at lines 42--55
$\OML/cmm/m/it/10 dt \OT1/cmr/m/n/10 +$
 []


Overfull \hbox (43.32709pt too wide) in paragraph at lines 42--55
$\OML/cmm/m/it/10 t\OT1/cmr/m/n/10 )\OML/cmm/m/it/10 x\OT1/cmr/m/n/10 [\OML/cmm
/m/it/10 i\OT1/cmr/m/n/10 ][2] =$
 []


Overfull \hbox (16.6257pt too wide) in paragraph at lines 42--55
$\OML/cmm/m/it/10 b\OT1/cmr/m/n/10 (\OML/cmm/m/it/10 i \OMS/cmsy/m/n/10 $
 []


Overfull \hbox (16.59378pt too wide) in paragraph at lines 42--55
$\OML/cmm/m/it/10 dt \OT1/cmr/m/n/10 +$
 []


Overfull \hbox (42.78833pt too wide) in paragraph at lines 42--55
$\OML/cmm/m/it/10 t\OT1/cmr/m/n/10 )\OML/cmm/m/it/10 returnx$ 
 []


! LaTeX Error: Missing \begin{document}.

See the LaTeX manual or LaTeX Companion for explanation.
Type  H <return>  for immediate help.
 ...                                              
                                                  
l.57 d
      ef radiate(beats, beat_speed=1.0, max_length=26, min_beats=1):
You're in trouble here.  Try typing  <return>  to proceed.
If that doesn't work, type  X <return>  to quit.

Missing character: There is no d in font nullfont!
Missing character: There is no e in font nullfont!
Missing character: There is no f in font nullfont!
Missing character: There is no r in font nullfont!
Missing character: There is no a in font nullfont!
Missing character: There is no d in font nullfont!
Missing character: There is no i in font nullfont!
Missing character: There is no a in font nullfont!
Missing character: There is no t in font nullfont!
Missing character: There is no e in font nullfont!
Missing character: There is no ( in font nullfont!
Missing character: There is no b in font nullfont!
Missing character: There is no e in font nullfont!
Missing character: There is no a in font nullfont!
Missing character: There is no t in font nullfont!
Missing character: There is no s in font nullfont!
Missing character: There is no , in font nullfont!
Missing character: There is no b in font nullfont!
Missing character: There is no e in font nullfont!
Missing character: There is no a in font nullfont!
Missing character: There is no t in font nullfont!
! Missing $ inserted.
<inserted text> 
                $
l.57 def radiate(beats, beat_
                             speed=1.0, max_length=26, min_beats=1):
I've inserted a begin-math/end-math symbol since I think
you left one out. Proceed, with fingers crossed.

! You can't use `macro parameter character #' in math mode.
l.59     #
           Add new beat if beats were detected
Sorry, but I'm not programmed to handle this case;
I'll just pretend that you didn't ask for it.
If you're in the wrong mode, you might be able to
return to the right one by typing `I}' or `I$' or `I\par'.

! You can't use `macro parameter character #' in math mode.
l.61         #
               Beat properties
Sorry, but I'm not programmed to handle this case;
I'll just pretend that you didn't ask for it.
If you're in the wrong mode, you might be able to
return to the right one by typing `I}' or `I$' or `I\par'.

! You can't use `macro parameter character #' in math mode.
l.67         #
               Beat pixels
Sorry, but I'm not programmed to handle this case;
I'll just pretend that you didn't ask for it.
If you're in the wrong mode, you might be able to
return to the right one by typing `I}' or `I$' or `I\par'.

! You can't use `macro parameter character #' in math mode.
l.70         #
               Create and add the new beat
Sorry, but I'm not programmed to handle this case;
I'll just pretend that you didn't ask for it.
If you're in the wrong mode, you might be able to
return to the right one by typing `I}' or `I$' or `I\par'.

! You can't use `macro parameter character #' in math mode.
l.73     #
           Pixels that will be displayed on the LED strip
Sorry, but I'm not programmed to handle this case;
I'll just pretend that you didn't ask for it.
If you're in the wrong mode, you might be able to
return to the right one by typing `I}' or `I$' or `I\par'.

! You can't use `macro parameter character #' in math mode.
l.79     #
           Only keep the beats that are still visible on the strip
Sorry, but I'm not programmed to handle this case;
I'll just pretend that you didn't ask for it.
If you're in the wrong mode, you might be able to
return to the right one by typing `I}' or `I$' or `I\par'.

! Missing $ inserted.
<inserted text> 
                $
l.87 
     
I've inserted a begin-math/end-math symbol since I think
you left one out. Proceed, with fingers crossed.


Overfull \hbox (20.0pt too wide) in paragraph at lines 57--87
[]
 []


Overfull \hbox (34.37848pt too wide) in paragraph at lines 57--87
$[]\OML/cmm/m/it/10 peed \OT1/cmr/m/n/10 =$
 []


Overfull \hbox (75.78827pt too wide) in paragraph at lines 57--87
$\OT1/cmr/m/n/10 1\OML/cmm/m/it/10 :\OT1/cmr/m/n/10 0\OML/cmm/m/it/10 ; max[]en
gth \OT1/cmr/m/n/10 =$
 []


Overfull \hbox (65.485pt too wide) in paragraph at lines 57--87
$\OT1/cmr/m/n/10 26\OML/cmm/m/it/10 ; min[]eats \OT1/cmr/m/n/10 =$
 []


Overfull \hbox (14.44441pt too wide) in paragraph at lines 57--87
$\OT1/cmr/m/n/10 1) :$
 []


Overfull \hbox (40.84766pt too wide) in paragraph at lines 57--87
$\OML/cmm/m/it/10 N[]eats \OT1/cmr/m/n/10 =$
 []


Overfull \hbox (83.90404pt too wide) in paragraph at lines 57--87
$\OML/cmm/m/it/10 len\OT1/cmr/m/n/10 (\OML/cmm/m/it/10 beats\OT1/cmr/m/n/10 [\O
ML/cmm/m/it/10 beats \OT1/cmr/m/n/10 ==$
 []


Overfull \hbox (222.58441pt too wide) in paragraph at lines 57--87
$\OML/cmm/m/it/10 True\OT1/cmr/m/n/10 ])\OML/cmm/m/it/10 Addnewbeatifbeatswered
etectedifN[]eats >$
 []


Overfull \hbox (70.11858pt too wide) in paragraph at lines 57--87
$\OT1/cmr/m/n/10 0\OML/cmm/m/it/10 andN[]eats >\OT1/cmr/m/n/10 =$
 []


Overfull \hbox (46.04054pt too wide) in paragraph at lines 57--87
$\OML/cmm/m/it/10 min[]eats \OT1/cmr/m/n/10 :$
 []


Overfull \hbox (121.92871pt too wide) in paragraph at lines 57--87
$\OML/cmm/m/it/10 Beatpropertiesbeat[]ower \OT1/cmr/m/n/10 =$
 []


Overfull \hbox (243.46385pt too wide) in paragraph at lines 57--87
$\OML/cmm/m/it/10 float\OT1/cmr/m/n/10 (\OML/cmm/m/it/10 N[]eats\OT1/cmr/m/n/10
 )\OML/cmm/m/it/10 =config:N[]UBBANDSbeat[]rightness \OT1/cmr/m/n/10 =$
 []


Overfull \hbox (71.30492pt too wide) in paragraph at lines 57--87
$\OML/cmm/m/it/10 min\OT1/cmr/m/n/10 (\OML/cmm/m/it/10 beat[]ower \OMS/cmsy/m/n
/10 $
 []


Overfull \hbox (124.07536pt too wide) in paragraph at lines 57--87
$\OT1/cmr/m/n/10 40\OML/cmm/m/it/10 :\OT1/cmr/m/n/10 0\OML/cmm/m/it/10 ; \OT1/c
mr/m/n/10 255\OML/cmm/m/it/10 :\OT1/cmr/m/n/10 0)\OML/cmm/m/it/10 beat[]rightne
ss \OT1/cmr/m/n/10 =$
 []


Overfull \hbox (163.26407pt too wide) in paragraph at lines 57--87
$\OML/cmm/m/it/10 max\OT1/cmr/m/n/10 (\OML/cmm/m/it/10 beat[]rightness; \OT1/cm
r/m/n/10 40)\OML/cmm/m/it/10 beat[]ength \OT1/cmr/m/n/10 =$
 []


Overfull \hbox (105.63597pt too wide) in paragraph at lines 57--87
$\OML/cmm/m/it/10 int\OT1/cmr/m/n/10 (\OML/cmm/m/it/10 np:sqrt\OT1/cmr/m/n/10 (
\OML/cmm/m/it/10 beat[]ower\OT1/cmr/m/n/10 ) \OMS/cmsy/m/n/10 $
 []


Overfull \hbox (108.5291pt too wide) in paragraph at lines 57--87
$\OML/cmm/m/it/10 max[]ength\OT1/cmr/m/n/10 )\OML/cmm/m/it/10 beat[]ength \OT1/
cmr/m/n/10 =$
 []


Overfull \hbox (186.14127pt too wide) in paragraph at lines 57--87
$\OML/cmm/m/it/10 max\OT1/cmr/m/n/10 (\OML/cmm/m/it/10 beat[]ength; \OT1/cmr/m/
n/10 2)\OML/cmm/m/it/10 Beatpixelsbeat[]ixels \OT1/cmr/m/n/10 =$
 []


Overfull \hbox (187.73727pt too wide) in paragraph at lines 57--87
$\OML/cmm/m/it/10 np:zeros\OT1/cmr/m/n/10 (\OML/cmm/m/it/10 config:N[]IXELS=\OT
1/cmr/m/n/10 2)\OML/cmm/m/it/10 beat[]ixels\OT1/cmr/m/n/10 [:$
 []


Overfull \hbox (59.40746pt too wide) in paragraph at lines 57--87
$\OML/cmm/m/it/10 beat[]ength\OT1/cmr/m/n/10 ] =$
 []


Overfull \hbox (206.04216pt too wide) in paragraph at lines 57--87
$\OML/cmm/m/it/10 beat[]rightnessCreateandaddthenewbeatbeat \OT1/cmr/m/n/10 =$
 []


Overfull \hbox (187.82643pt too wide) in paragraph at lines 57--87
$\OML/cmm/m/it/10 Beat\OT1/cmr/m/n/10 (\OML/cmm/m/it/10 beat[]ixels; beat[]peed
\OT1/cmr/m/n/10 )\OML/cmm/m/it/10 radiate:beats \OT1/cmr/m/n/10 =$
 []


Overfull \hbox (355.61821pt too wide) in paragraph at lines 57--87
$\OML/cmm/m/it/10 np:append\OT1/cmr/m/n/10 (\OML/cmm/m/it/10 radiate:beats; bea
t\OT1/cmr/m/n/10 )\OML/cmm/m/it/10 PixelsthatwillbedisplayedontheLEDstrippixels
 \OT1/cmr/m/n/10 =$
 []


Overfull \hbox (232.2083pt too wide) in paragraph at lines 57--87
$\OML/cmm/m/it/10 np:zeros\OT1/cmr/m/n/10 (\OML/cmm/m/it/10 config:N[]IXELS=\OT
1/cmr/m/n/10 2)\OML/cmm/m/it/10 iflen\OT1/cmr/m/n/10 (\OML/cmm/m/it/10 radiate:
beats\OT1/cmr/m/n/10 ) :$
 []


Overfull \hbox (45.0493pt too wide) in paragraph at lines 57--87
$\OML/cmm/m/it/10 pixels\OT1/cmr/m/n/10 + =$
 []


Overfull \hbox (245.73996pt too wide) in paragraph at lines 57--87
$\OML/cmm/m/it/10 sum\OT1/cmr/m/n/10 ([\OML/cmm/m/it/10 b:pixelsforbinradiate:b
eats\OT1/cmr/m/n/10 ])\OML/cmm/m/it/10 forbinradiate:beats \OT1/cmr/m/n/10 :$
 []


Overfull \hbox (344.04988pt too wide) in paragraph at lines 57--87
$\OML/cmm/m/it/10 b:update[]ixels\OT1/cmr/m/n/10 ()\OML/cmm/m/it/10 Onlykeepthe
beatsthatarestillvisibleonthestripradiate:beats \OT1/cmr/m/n/10 =$
 []


Overfull \hbox (211.95586pt too wide) in paragraph at lines 57--87
$\OT1/cmr/m/n/10 [\OML/cmm/m/it/10 bforbinradiate:beatsifnotb:finished\OT1/cmr/
m/n/10 ()]\OML/cmm/m/it/10 pixels \OT1/cmr/m/n/10 =$
 []


Overfull \hbox (83.9615pt too wide) in paragraph at lines 57--87
$\OML/cmm/m/it/10 np:append\OT1/cmr/m/n/10 (\OML/cmm/m/it/10 pixels\OT1/cmr/m/n
/10 [::$
 []


Overfull \hbox (87.8764pt too wide) in paragraph at lines 57--87
$\OMS/cmsy/m/n/10  \OT1/cmr/m/n/10 1]\OML/cmm/m/it/10 ; pixels\OT1/cmr/m/n/10 )
\OML/cmm/m/it/10 pixels \OT1/cmr/m/n/10 =$
 []


Overfull \hbox (146.00568pt too wide) in paragraph at lines 57--87
$\OML/cmm/m/it/10 np:clip\OT1/cmr/m/n/10 (\OML/cmm/m/it/10 pixels; \OT1/cmr/m/n
/10 0\OML/cmm/m/it/10 :\OT1/cmr/m/n/10 0\OML/cmm/m/it/10 ; \OT1/cmr/m/n/10 255\
OML/cmm/m/it/10 :\OT1/cmr/m/n/10 0)\OML/cmm/m/it/10 pixels \OT1/cmr/m/n/10 =$
 []


Overfull \hbox (35.6049pt too wide) in paragraph at lines 57--87
$\OT1/cmr/m/n/10 (\OML/cmm/m/it/10 pixels \OMS/cmsy/m/n/10 $
 []


Overfull \hbox (105.04895pt too wide) in paragraph at lines 57--87
$\OML/cmm/m/it/10 rainbow\OT1/cmr/m/n/10 ()\OML/cmm/m/it/10 :T\OT1/cmr/m/n/10 )
\OML/cmm/m/it/10 :Tpixels \OT1/cmr/m/n/10 =$
 []


Overfull \hbox (180.11235pt too wide) in paragraph at lines 57--87
$\OML/cmm/m/it/10 np:round\OT1/cmr/m/n/10 (\OML/cmm/m/it/10 pixels\OT1/cmr/m/n/
10 )\OML/cmm/m/it/10 :astype\OT1/cmr/m/n/10 (\OML/cmm/m/it/10 int\OT1/cmr/m/n/1
0 )\OML/cmm/m/it/10 led:pixels \OT1/cmr/m/n/10 =$
 []


Overfull \hbox (79.82724pt too wide) in paragraph at lines 57--87
$\OML/cmm/m/it/10 pixelsled:update\OT1/cmr/m/n/10 ()$ 
 []


! LaTeX Error: Missing \begin{document}.

See the LaTeX manual or LaTeX Companion for explanation.
Type  H <return>  for immediate help.
 ...                                              
                                                  
l.89 d
      ef radiate2(beats, energy, beat_speed=0.8, max_length=26, min_beats=1):
You're in trouble here.  Try typing  <return>  to proceed.
If that doesn't work, type  X <return>  to quit.

Missing character: There is no d in font nullfont!
Missing character: There is no e in font nullfont!
Missing character: There is no f in font nullfont!
Missing character: There is no r in font nullfont!
Missing character: There is no a in font nullfont!
Missing character: There is no d in font nullfont!
Missing character: There is no i in font nullfont!
Missing character: There is no a in font nullfont!
Missing character: There is no t in font nullfont!
Missing character: There is no e in font nullfont!
Missing character: There is no 2 in font nullfont!
Missing character: There is no ( in font nullfont!
Missing character: There is no b in font nullfont!
Missing character: There is no e in font nullfont!
Missing character: There is no a in font nullfont!
Missing character: There is no t in font nullfont!
Missing character: There is no s in font nullfont!
Missing character: There is no , in font nullfont!
Missing character: There is no e in font nullfont!
Missing character: There is no n in font nullfont!
Missing character: There is no e in font nullfont!
Missing character: There is no r in font nullfont!
Missing character: There is no g in font nullfont!
Missing character: There is no y in font nullfont!
Missing character: There is no , in font nullfont!
Missing character: There is no b in font nullfont!
Missing character: There is no e in font nullfont!
Missing character: There is no a in font nullfont!
Missing character: There is no t in font nullfont!
! Missing $ inserted.
<inserted text> 
                $
l.89 def radiate2(beats, energy, beat_
                                      speed=0.8, max_length=26, min_beats=1):
I've inserted a begin-math/end-math symbol since I think
you left one out. Proceed, with fingers crossed.

! Missing $ inserted.
<inserted text> 
                $
l.91 
     
I've inserted a begin-math/end-math symbol since I think
you left one out. Proceed, with fingers crossed.


Overfull \hbox (20.0pt too wide) in paragraph at lines 89--91
[]
 []


Overfull \hbox (34.37848pt too wide) in paragraph at lines 89--91
$[]\OML/cmm/m/it/10 peed \OT1/cmr/m/n/10 =$
 []


Overfull \hbox (75.78827pt too wide) in paragraph at lines 89--91
$\OT1/cmr/m/n/10 0\OML/cmm/m/it/10 :\OT1/cmr/m/n/10 8\OML/cmm/m/it/10 ; max[]en
gth \OT1/cmr/m/n/10 =$
 []


Overfull \hbox (65.485pt too wide) in paragraph at lines 89--91
$\OT1/cmr/m/n/10 26\OML/cmm/m/it/10 ; min[]eats \OT1/cmr/m/n/10 =$
 []


Overfull \hbox (14.44441pt too wide) in paragraph at lines 89--91
$\OT1/cmr/m/n/10 1) :$
 []


Overfull \hbox (40.84766pt too wide) in paragraph at lines 89--91
$\OML/cmm/m/it/10 N[]eats \OT1/cmr/m/n/10 =$
 []


Overfull \hbox (83.90404pt too wide) in paragraph at lines 89--91
$\OML/cmm/m/it/10 len\OT1/cmr/m/n/10 (\OML/cmm/m/it/10 beats\OT1/cmr/m/n/10 [\O
ML/cmm/m/it/10 beats \OT1/cmr/m/n/10 ==$
 []


Overfull \hbox (29.06955pt too wide) in paragraph at lines 89--91
$\OML/cmm/m/it/10 True\OT1/cmr/m/n/10 ])$ 
 []


! LaTeX Error: Missing \begin{document}.

See the LaTeX manual or LaTeX Companion for explanation.
Type  H <return>  for immediate help.
 ...                                              
                                                  
l.92     i
          f N_beats > 0 and N_beats >= min_beats:
You're in trouble here.  Try typing  <return>  to proceed.
If that doesn't work, type  X <return>  to quit.

Missing character: There is no i in font nullfont!
Missing character: There is no f in font nullfont!
Missing character: There is no N in font nullfont!
! Missing $ inserted.
<inserted text> 
                $
l.92     if N_
              beats > 0 and N_beats >= min_beats:
I've inserted a begin-math/end-math symbol since I think
you left one out. Proceed, with fingers crossed.

! You can't use `macro parameter character #' in math mode.
l.94         #
               Beat properties
Sorry, but I'm not programmed to handle this case;
I'll just pretend that you didn't ask for it.
If you're in the wrong mode, you might be able to
return to the right one by typing `I}' or `I$' or `I\par'.

! You can't use `macro parameter character #' in math mode.
l.96         #
               energy = np.copy(energy)
Sorry, but I'm not programmed to handle this case;
I'll just pretend that you didn't ask for it.
If you're in the wrong mode, you might be able to
return to the right one by typing `I}' or `I$' or `I\par'.

! You can't use `macro parameter character #' in math mode.
l.97         #
               energy -= np.min(energy)
Sorry, but I'm not programmed to handle this case;
I'll just pretend that you didn't ask for it.
If you're in the wrong mode, you might be able to
return to the right one by typing `I}' or `I$' or `I\par'.

! You can't use `macro parameter character #' in math mode.
l.98         #
               energy /= (np.max(energy) - np.min(energy))
Sorry, but I'm not programmed to handle this case;
I'll just pretend that you didn't ask for it.
If you're in the wrong mode, you might be able to
return to the right one by typing `I}' or `I$' or `I\par'.

! Missing $ inserted.
<inserted text> 
                $
l.111 
      
I've inserted a begin-math/end-math symbol since I think
you left one out. Proceed, with fingers crossed.


Overfull \hbox (20.0pt too wide) in paragraph at lines 92--111
[]
 []


Overfull \hbox (32.81294pt too wide) in paragraph at lines 92--111
$[]\OML/cmm/m/it/10 eats >$
 []


Overfull \hbox (70.11858pt too wide) in paragraph at lines 92--111
$\OT1/cmr/m/n/10 0\OML/cmm/m/it/10 andN[]eats >\OT1/cmr/m/n/10 =$
 []


Overfull \hbox (46.04054pt too wide) in paragraph at lines 92--111
$\OML/cmm/m/it/10 min[]eats \OT1/cmr/m/n/10 :$
 []


Overfull \hbox (65.68561pt too wide) in paragraph at lines 92--111
$\OML/cmm/m/it/10 index[]o[]olor \OT1/cmr/m/n/10 =$
 []


Overfull \hbox (165.79639pt too wide) in paragraph at lines 92--111
$\OML/cmm/m/it/10 rainbow\OT1/cmr/m/n/10 ()\OML/cmm/m/it/10 Beatpropertiesbeat[
]ower \OT1/cmr/m/n/10 =$
 []


Overfull \hbox (209.3273pt too wide) in paragraph at lines 92--111
$\OML/cmm/m/it/10 float\OT1/cmr/m/n/10 (\OML/cmm/m/it/10 N[]eats\OT1/cmr/m/n/10
 )\OML/cmm/m/it/10 =config:N[]UBBANDSenergy \OT1/cmr/m/n/10 =$
 []


Overfull \hbox (120.37875pt too wide) in paragraph at lines 92--111
$\OML/cmm/m/it/10 np:copy\OT1/cmr/m/n/10 (\OML/cmm/m/it/10 energy\OT1/cmr/m/n/1
0 )\OML/cmm/m/it/10 energy\OMS/cmsy/m/n/10   \OT1/cmr/m/n/10 =$
 []


Overfull \hbox (116.36095pt too wide) in paragraph at lines 92--111
$\OML/cmm/m/it/10 np:min\OT1/cmr/m/n/10 (\OML/cmm/m/it/10 energy\OT1/cmr/m/n/10
 )\OML/cmm/m/it/10 energy= \OT1/cmr/m/n/10 =$
 []


Overfull \hbox (83.5315pt too wide) in paragraph at lines 92--111
$\OT1/cmr/m/n/10 (\OML/cmm/m/it/10 np:max\OT1/cmr/m/n/10 (\OML/cmm/m/it/10 ener
gy\OT1/cmr/m/n/10 ) \OMS/cmsy/m/n/10  $
 []


Overfull \hbox (149.38638pt too wide) in paragraph at lines 92--111
$\OML/cmm/m/it/10 np:min\OT1/cmr/m/n/10 (\OML/cmm/m/it/10 energy\OT1/cmr/m/n/10
 ))\OML/cmm/m/it/10 beat[]rightness \OT1/cmr/m/n/10 =$
 []


Overfull \hbox (258.43228pt too wide) in paragraph at lines 92--111
$\OML/cmm/m/it/10 np:round\OT1/cmr/m/n/10 (256\OML/cmm/m/it/10 :\OT1/cmr/m/n/10
 0\OML/cmm/m/it/10 =config:N[]UBBANDS\OT1/cmr/m/n/10 )\OML/cmm/m/it/10 beat[]ri
ghtness\OMS/cmsy/m/n/10  \OT1/cmr/m/n/10 =$
 []


Overfull \hbox (232.62125pt too wide) in paragraph at lines 92--111
$\OML/cmm/m/it/10 np:sqrt\OT1/cmr/m/n/10 (\OML/cmm/m/it/10 config:N[]UBBANDS=N[
]eats\OT1/cmr/m/n/10 )\OML/cmm/m/it/10 beat[]ength \OT1/cmr/m/n/10 =$
 []


Overfull \hbox (105.63597pt too wide) in paragraph at lines 92--111
$\OML/cmm/m/it/10 int\OT1/cmr/m/n/10 (\OML/cmm/m/it/10 np:sqrt\OT1/cmr/m/n/10 (
\OML/cmm/m/it/10 beat[]ower\OT1/cmr/m/n/10 ) \OMS/cmsy/m/n/10 $
 []


Overfull \hbox (108.5291pt too wide) in paragraph at lines 92--111
$\OML/cmm/m/it/10 max[]ength\OT1/cmr/m/n/10 )\OML/cmm/m/it/10 beat[]ength \OT1/
cmr/m/n/10 =$
 []


Overfull \hbox (137.7852pt too wide) in paragraph at lines 92--111
$\OML/cmm/m/it/10 max\OT1/cmr/m/n/10 (\OML/cmm/m/it/10 beat[]ength; \OT1/cmr/m/
n/10 2)\OML/cmm/m/it/10 beat[]ixels \OT1/cmr/m/n/10 =$
 []


Overfull \hbox (275.14308pt too wide) in paragraph at lines 92--111
$\OML/cmm/m/it/10 np:tile\OT1/cmr/m/n/10 (0\OML/cmm/m/it/10 :\OT1/cmr/m/n/10 0\
OML/cmm/m/it/10 ; \OT1/cmr/m/n/10 (\OML/cmm/m/it/10 config:N[]IXELS=\OT1/cmr/m/
n/10 2\OML/cmm/m/it/10 ; \OT1/cmr/m/n/10 3))\OML/cmm/m/it/10 foriinrange\OT1/cm
r/m/n/10 (\OML/cmm/m/it/10 len\OT1/cmr/m/n/10 (\OML/cmm/m/it/10 beats\OT1/cmr/m
/n/10 )) :$
 []


Overfull \hbox (46.50601pt too wide) in paragraph at lines 92--111
$\OML/cmm/m/it/10 ifbeats\OT1/cmr/m/n/10 [\OML/cmm/m/it/10 i\OT1/cmr/m/n/10 ] :
$
 []


Overfull \hbox (50.13858pt too wide) in paragraph at lines 92--111
$\OML/cmm/m/it/10 beat[]olor \OT1/cmr/m/n/10 =$
 []


Overfull \hbox (113.39949pt too wide) in paragraph at lines 92--111
$\OML/cmm/m/it/10 np:round\OT1/cmr/m/n/10 (\OML/cmm/m/it/10 index[]o[]olor\OT1/
cmr/m/n/10 [\OML/cmm/m/it/10 i\OT1/cmr/m/n/10 ] \OMS/cmsy/m/n/10 $
 []


Overfull \hbox (69.63087pt too wide) in paragraph at lines 92--111
$\OML/cmm/m/it/10 beat[]rightness \OMS/cmsy/m/n/10 $
 []


Overfull \hbox (93.09149pt too wide) in paragraph at lines 92--111
$\OML/cmm/m/it/10 energy\OT1/cmr/m/n/10 [\OML/cmm/m/it/10 i\OT1/cmr/m/n/10 ])\O
ML/cmm/m/it/10 beat[]ixels\OT1/cmr/m/n/10 [:$
 []


Overfull \hbox (67.18526pt too wide) in paragraph at lines 92--111
$\OML/cmm/m/it/10 beat[]ength\OT1/cmr/m/n/10 ]+ =$
 []


Overfull \hbox (94.29059pt too wide) in paragraph at lines 92--111
$\OML/cmm/m/it/10 beat[]olorbeat[]ixels \OT1/cmr/m/n/10 =$
 []


Overfull \hbox (154.57063pt too wide) in paragraph at lines 92--111
$\OML/cmm/m/it/10 np:clip\OT1/cmr/m/n/10 (\OML/cmm/m/it/10 beat[]ixels; \OT1/cm
r/m/n/10 0\OML/cmm/m/it/10 :\OT1/cmr/m/n/10 0\OML/cmm/m/it/10 ; \OT1/cmr/m/n/10
 255\OML/cmm/m/it/10 :\OT1/cmr/m/n/10 0)\OML/cmm/m/it/10 beat \OT1/cmr/m/n/10 =
$
 []


Overfull \hbox (192.82645pt too wide) in paragraph at lines 92--111
$\OML/cmm/m/it/10 Beat\OT1/cmr/m/n/10 (\OML/cmm/m/it/10 beat[]ixels; beat[]peed
\OT1/cmr/m/n/10 )\OML/cmm/m/it/10 radiate\OT1/cmr/m/n/10 2\OML/cmm/m/it/10 :bea
ts \OT1/cmr/m/n/10 =$
 []


Overfull \hbox (137.67914pt too wide) in paragraph at lines 92--111
$\OML/cmm/m/it/10 np:append\OT1/cmr/m/n/10 (\OML/cmm/m/it/10 radiate\OT1/cmr/m/
n/10 2\OML/cmm/m/it/10 :beats; beat\OT1/cmr/m/n/10 )$ 
 []


! LaTeX Error: The font size command \normalsize is not defined:
               there is probably something wrong with the class file.

See the LaTeX manual or LaTeX Companion for explanation.
Type  H <return>  for immediate help.
 ...                                              
                                                  
l.111 
      
Your command was ignored.
Type  I <command> <return>  to replace it with another command,
or  <return>  to continue without it.

[1{C:/Users/Scott/AppData/Local/MiKTeX/2.9/pdftex/config/pdftex.map}]
! You can't use `macro parameter character #' in vertical mode.
l.112     #
            Pixels that will be displayed on the LED strip
Sorry, but I'm not programmed to handle this case;
I'll just pretend that you didn't ask for it.
If you're in the wrong mode, you might be able to
return to the right one by typing `I}' or `I$' or `I\par'.


! LaTeX Error: Missing \begin{document}.

See the LaTeX manual or LaTeX Companion for explanation.
Type  H <return>  for immediate help.
 ...                                              
                                                  
l.112     # P
             ixels that will be displayed on the LED strip
You're in trouble here.  Try typing  <return>  to proceed.
If that doesn't work, type  X <return>  to quit.

Missing character: There is no P in font nullfont!
Missing character: There is no i in font nullfont!
Missing character: There is no x in font nullfont!
Missing character: There is no e in font nullfont!
Missing character: There is no l in font nullfont!
Missing character: There is no s in font nullfont!
Missing character: There is no t in font nullfont!
Missing character: There is no h in font nullfont!
Missing character: There is no a in font nullfont!
Missing character: There is no t in font nullfont!
Missing character: There is no w in font nullfont!
Missing character: There is no i in font nullfont!
Missing character: There is no l in font nullfont!
Missing character: There is no l in font nullfont!
Missing character: There is no b in font nullfont!
Missing character: There is no e in font nullfont!
Missing character: There is no d in font nullfont!
Missing character: There is no i in font nullfont!
Missing character: There is no s in font nullfont!
Missing character: There is no p in font nullfont!
Missing character: There is no l in font nullfont!
Missing character: There is no a in font nullfont!
Missing character: There is no y in font nullfont!
Missing character: There is no e in font nullfont!
Missing character: There is no d in font nullfont!
Missing character: There is no o in font nullfont!
Missing character: There is no n in font nullfont!
Missing character: There is no t in font nullfont!
Missing character: There is no h in font nullfont!
Missing character: There is no e in font nullfont!
Missing character: There is no L in font nullfont!
Missing character: There is no E in font nullfont!
Missing character: There is no D in font nullfont!
Missing character: There is no s in font nullfont!
Missing character: There is no t in font nullfont!
Missing character: There is no r in font nullfont!
Missing character: There is no i in font nullfont!
Missing character: There is no p in font nullfont!
Missing character: There is no p in font nullfont!
Missing character: There is no i in font nullfont!
Missing character: There is no x in font nullfont!
Missing character: There is no e in font nullfont!
Missing character: There is no l in font nullfont!
Missing character: There is no s in font nullfont!
Missing character: There is no = in font nullfont!
Missing character: There is no n in font nullfont!
Missing character: There is no p in font nullfont!
Missing character: There is no . in font nullfont!
Missing character: There is no z in font nullfont!
Missing character: There is no e in font nullfont!
Missing character: There is no r in font nullfont!
Missing character: There is no o in font nullfont!
Missing character: There is no s in font nullfont!
Missing character: There is no ( in font nullfont!
Missing character: There is no ( in font nullfont!
Missing character: There is no c in font nullfont!
Missing character: There is no o in font nullfont!
Missing character: There is no n in font nullfont!
Missing character: There is no f in font nullfont!
Missing character: There is no i in font nullfont!
Missing character: There is no g in font nullfont!
Missing character: There is no . in font nullfont!
Missing character: There is no N in font nullfont!
! Missing $ inserted.
<inserted text> 
                $
l.113     pixels = np.zeros((config.N_
                                      PIXELS / 2, 3))
I've inserted a begin-math/end-math symbol since I think
you left one out. Proceed, with fingers crossed.

! Missing $ inserted.
<inserted text> 
                $
l.124 
      
I've inserted a begin-math/end-math symbol since I think
you left one out. Proceed, with fingers crossed.


Overfull \hbox (20.0pt too wide) in paragraph at lines 112--124
[]
 []


Overfull \hbox (168.2352pt too wide) in paragraph at lines 112--124
$[]\OML/cmm/m/it/10 IXELS=\OT1/cmr/m/n/10 2\OML/cmm/m/it/10 ; \OT1/cmr/m/n/10 3
))\OML/cmm/m/it/10 iflen\OT1/cmr/m/n/10 (\OML/cmm/m/it/10 radiate\OT1/cmr/m/n/1
0 2\OML/cmm/m/it/10 :beats\OT1/cmr/m/n/10 ) :$
 []


Overfull \hbox (45.0493pt too wide) in paragraph at lines 112--124
$\OML/cmm/m/it/10 pixels\OT1/cmr/m/n/10 + =$
 []


Overfull \hbox (255.73999pt too wide) in paragraph at lines 112--124
$\OML/cmm/m/it/10 sum\OT1/cmr/m/n/10 ([\OML/cmm/m/it/10 b:pixelsforbinradiate\O
T1/cmr/m/n/10 2\OML/cmm/m/it/10 :beats\OT1/cmr/m/n/10 ])\OML/cmm/m/it/10 forbin
radiate\OT1/cmr/m/n/10 2\OML/cmm/m/it/10 :beats \OT1/cmr/m/n/10 :$
 []


Overfull \hbox (143.81255pt too wide) in paragraph at lines 112--124
$\OML/cmm/m/it/10 b:update[]ixels\OT1/cmr/m/n/10 ()\OML/cmm/m/it/10 radiate\OT1
/cmr/m/n/10 2\OML/cmm/m/it/10 :beats \OT1/cmr/m/n/10 =$
 []


Overfull \hbox (216.95587pt too wide) in paragraph at lines 112--124
$\OT1/cmr/m/n/10 [\OML/cmm/m/it/10 bforbinradiate\OT1/cmr/m/n/10 2\OML/cmm/m/it
/10 :beatsifnotb:finished\OT1/cmr/m/n/10 ()]\OML/cmm/m/it/10 pixels \OT1/cmr/m/
n/10 =$
 []


Overfull \hbox (83.9615pt too wide) in paragraph at lines 112--124
$\OML/cmm/m/it/10 np:append\OT1/cmr/m/n/10 (\OML/cmm/m/it/10 pixels\OT1/cmr/m/n
/10 [::$
 []


Overfull \hbox (80.84972pt too wide) in paragraph at lines 112--124
$\OMS/cmsy/m/n/10  \OT1/cmr/m/n/10 1]\OML/cmm/m/it/10 ; pixels; axis \OT1/cmr/m
/n/10 =$
 []


Overfull \hbox (46.16042pt too wide) in paragraph at lines 112--124
$\OT1/cmr/m/n/10 0)\OML/cmm/m/it/10 pixels \OT1/cmr/m/n/10 =$
 []


Overfull \hbox (146.00568pt too wide) in paragraph at lines 112--124
$\OML/cmm/m/it/10 np:clip\OT1/cmr/m/n/10 (\OML/cmm/m/it/10 pixels; \OT1/cmr/m/n
/10 0\OML/cmm/m/it/10 :\OT1/cmr/m/n/10 0\OML/cmm/m/it/10 ; \OT1/cmr/m/n/10 255\
OML/cmm/m/it/10 :\OT1/cmr/m/n/10 0)\OML/cmm/m/it/10 pixels \OT1/cmr/m/n/10 =$
 []


Overfull \hbox (180.11235pt too wide) in paragraph at lines 112--124
$\OML/cmm/m/it/10 np:round\OT1/cmr/m/n/10 (\OML/cmm/m/it/10 pixels\OT1/cmr/m/n/
10 )\OML/cmm/m/it/10 :astype\OT1/cmr/m/n/10 (\OML/cmm/m/it/10 int\OT1/cmr/m/n/1
0 )\OML/cmm/m/it/10 led:pixels \OT1/cmr/m/n/10 =$
 []


Overfull \hbox (79.82724pt too wide) in paragraph at lines 112--124
$\OML/cmm/m/it/10 pixelsled:update\OT1/cmr/m/n/10 ()$ 
 []


! LaTeX Error: Missing \begin{document}.

See the LaTeX manual or LaTeX Companion for explanation.
Type  H <return>  for immediate help.
 ...                                              
                                                  
l.126 d
       ef microphone_update(stream):
You're in trouble here.  Try typing  <return>  to proceed.
If that doesn't work, type  X <return>  to quit.

Missing character: There is no d in font nullfont!
Missing character: There is no e in font nullfont!
Missing character: There is no f in font nullfont!
Missing character: There is no m in font nullfont!
Missing character: There is no i in font nullfont!
Missing character: There is no c in font nullfont!
Missing character: There is no r in font nullfont!
Missing character: There is no o in font nullfont!
Missing character: There is no p in font nullfont!
Missing character: There is no h in font nullfont!
Missing character: There is no o in font nullfont!
Missing character: There is no n in font nullfont!
Missing character: There is no e in font nullfont!
! Missing $ inserted.
<inserted text> 
                $
l.126 def microphone_
                     update(stream):
I've inserted a begin-math/end-math symbol since I think
you left one out. Proceed, with fingers crossed.

! Missing $ inserted.
<inserted text> 
                $
l.133 
      
I've inserted a begin-math/end-math symbol since I think
you left one out. Proceed, with fingers crossed.


Overfull \hbox (20.0pt too wide) in paragraph at lines 126--133
[]
 []


Overfull \hbox (74.16101pt too wide) in paragraph at lines 126--133
$[]\OML/cmm/m/it/10 pdate\OT1/cmr/m/n/10 (\OML/cmm/m/it/10 stream\OT1/cmr/m/n/1
0 ) :$
 []


Overfull \hbox (89.64851pt too wide) in paragraph at lines 126--133
$\OML/cmm/m/it/10 frames[]er[]uffer \OT1/cmr/m/n/10 =$
 []


Overfull \hbox (195.48853pt too wide) in paragraph at lines 126--133
$\OML/cmm/m/it/10 int\OT1/cmr/m/n/10 (\OML/cmm/m/it/10 config:MIC[]ATE=config:F
PS\OT1/cmr/m/n/10 )\OML/cmm/m/it/10 data \OT1/cmr/m/n/10 =$
 []


Overfull \hbox (249.91347pt too wide) in paragraph at lines 126--133
$\OML/cmm/m/it/10 np:fromstring\OT1/cmr/m/n/10 (\OML/cmm/m/it/10 stream:read\OT
1/cmr/m/n/10 (\OML/cmm/m/it/10 frames[]er[]uffer\OT1/cmr/m/n/10 )\OML/cmm/m/it/
10 ; dtype \OT1/cmr/m/n/10 =$
 []


Overfull \hbox (70.70218pt too wide) in paragraph at lines 126--133
$\OML/cmm/m/it/10 np:int\OT1/cmr/m/n/10 16)\OML/cmm/m/it/10 data \OT1/cmr/m/n/1
0 =$
 []


Overfull \hbox (42.1656pt too wide) in paragraph at lines 126--133
$\OML/cmm/m/it/10 data=\OT1/cmr/m/n/10 2\OML/cmm/m/it/10 :\OT1/cmr/m/n/10 0 \OM
S/cmsy/m/n/10 $
 []


Overfull \hbox (50.35184pt too wide) in paragraph at lines 126--133
$\OMS/cmsy/m/n/10 \OT1/cmr/m/n/10 15\OML/cmm/m/it/10 xs; ys \OT1/cmr/m/n/10 =$

 []


Overfull \hbox (119.43524pt too wide) in paragraph at lines 126--133
$\OML/cmm/m/it/10 dsp:fft[]og[]artition\OT1/cmr/m/n/10 (\OML/cmm/m/it/10 data \
OT1/cmr/m/n/10 =$
 []


Overfull \hbox (74.56367pt too wide) in paragraph at lines 126--133
$\OML/cmm/m/it/10 data; subbands \OT1/cmr/m/n/10 =$
 []


Overfull \hbox (217.66888pt too wide) in paragraph at lines 126--133
$\OML/cmm/m/it/10 config:N[]UBBANDS\OT1/cmr/m/n/10 )\OML/cmm/m/it/10 beats; ene
rgy; variance \OT1/cmr/m/n/10 =$
 []


Overfull \hbox (181.3259pt too wide) in paragraph at lines 126--133
$\OML/cmm/m/it/10 dsp:beat[]etect\OT1/cmr/m/n/10 (\OML/cmm/m/it/10 ys\OT1/cmr/m
/n/10 )\OML/cmm/m/it/10 radiate\OT1/cmr/m/n/10 2(\OML/cmm/m/it/10 beats; energy
\OT1/cmr/m/n/10 )$ 
 []

! You can't use `macro parameter character #' in vertical mode.
l.135 #
        Initial values for the radiate effect
Sorry, but I'm not programmed to handle this case;
I'll just pretend that you didn't ask for it.
If you're in the wrong mode, you might be able to
return to the right one by typing `I}' or `I$' or `I\par'.


! LaTeX Error: Missing \begin{document}.

See the LaTeX manual or LaTeX Companion for explanation.
Type  H <return>  for immediate help.
 ...                                              
                                                  
l.135 # I
         nitial values for the radiate effect
You're in trouble here.  Try typing  <return>  to proceed.
If that doesn't work, type  X <return>  to quit.

Missing character: There is no I in font nullfont!
Missing character: There is no n in font nullfont!
Missing character: There is no i in font nullfont!
Missing character: There is no t in font nullfont!
Missing character: There is no i in font nullfont!
Missing character: There is no a in font nullfont!
Missing character: There is no l in font nullfont!
Missing character: There is no v in font nullfont!
Missing character: There is no a in font nullfont!
Missing character: There is no l in font nullfont!
Missing character: There is no u in font nullfont!
Missing character: There is no e in font nullfont!
Missing character: There is no s in font nullfont!
Missing character: There is no f in font nullfont!
Missing character: There is no o in font nullfont!
Missing character: There is no r in font nullfont!
Missing character: There is no t in font nullfont!
Missing character: There is no h in font nullfont!
Missing character: There is no e in font nullfont!
Missing character: There is no r in font nullfont!
Missing character: There is no a in font nullfont!
Missing character: There is no d in font nullfont!
Missing character: There is no i in font nullfont!
Missing character: There is no a in font nullfont!
Missing character: There is no t in font nullfont!
Missing character: There is no e in font nullfont!
Missing character: There is no e in font nullfont!
Missing character: There is no f in font nullfont!
Missing character: There is no f in font nullfont!
Missing character: There is no e in font nullfont!
Missing character: There is no c in font nullfont!
Missing character: There is no t in font nullfont!
Missing character: There is no r in font nullfont!
Missing character: There is no a in font nullfont!
Missing character: There is no d in font nullfont!
Missing character: There is no i in font nullfont!
Missing character: There is no a in font nullfont!
Missing character: There is no t in font nullfont!
Missing character: There is no e in font nullfont!
Missing character: There is no . in font nullfont!
Missing character: There is no b in font nullfont!
Missing character: There is no e in font nullfont!
Missing character: There is no a in font nullfont!
Missing character: There is no t in font nullfont!
Missing character: There is no s in font nullfont!
Missing character: There is no = in font nullfont!
Missing character: There is no n in font nullfont!
Missing character: There is no p in font nullfont!
Missing character: There is no . in font nullfont!
Missing character: There is no a in font nullfont!
Missing character: There is no r in font nullfont!
Missing character: There is no r in font nullfont!
Missing character: There is no a in font nullfont!
Missing character: There is no y in font nullfont!
Missing character: There is no ( in font nullfont!
Missing character: There is no [ in font nullfont!
Missing character: There is no ] in font nullfont!
Missing character: There is no ) in font nullfont!
Missing character: There is no r in font nullfont!
Missing character: There is no a in font nullfont!
Missing character: There is no d in font nullfont!
Missing character: There is no i in font nullfont!
Missing character: There is no a in font nullfont!
Missing character: There is no t in font nullfont!
Missing character: There is no e in font nullfont!
Missing character: There is no 2 in font nullfont!
Missing character: There is no . in font nullfont!
Missing character: There is no b in font nullfont!
Missing character: There is no e in font nullfont!
Missing character: There is no a in font nullfont!
Missing character: There is no t in font nullfont!
Missing character: There is no s in font nullfont!
Missing character: There is no = in font nullfont!
Missing character: There is no n in font nullfont!
Missing character: There is no p in font nullfont!
Missing character: There is no . in font nullfont!
Missing character: There is no a in font nullfont!
Missing character: There is no r in font nullfont!
Missing character: There is no r in font nullfont!
Missing character: There is no a in font nullfont!
Missing character: There is no y in font nullfont!
Missing character: There is no ( in font nullfont!
Missing character: There is no [ in font nullfont!
Missing character: There is no ] in font nullfont!
Missing character: There is no ) in font nullfont!

Overfull \hbox (20.0pt too wide) in paragraph at lines 135--138
[]
 []


! LaTeX Error: Missing \begin{document}.

See the LaTeX manual or LaTeX Companion for explanation.
Type  H <return>  for immediate help.
 ...                                              
                                                  
l.139 i
       f __name__ == "__main__":
You're in trouble here.  Try typing  <return>  to proceed.
If that doesn't work, type  X <return>  to quit.

Missing character: There is no i in font nullfont!
Missing character: There is no f in font nullfont!
! Missing $ inserted.
<inserted text> 
                $
l.139 if _
          _name__ == "__main__":
I've inserted a begin-math/end-math symbol since I think
you left one out. Proceed, with fingers crossed.

! Missing { inserted.
<to be read again> 
                   _
l.139 if __
           name__ == "__main__":
A left brace was mandatory here, so I've put one in.
You might want to delete and/or insert some corrections
so that I will find a matching right brace soon.
(If you're confused by all this, try typing `I}' now.)

! Missing { inserted.
<to be read again> 
                   _
l.139 if __name__
                  == "__main__":
A left brace was mandatory here, so I've put one in.
You might want to delete and/or insert some corrections
so that I will find a matching right brace soon.
(If you're confused by all this, try typing `I}' now.)

! Missing { inserted.
<to be read again> 
                   _
l.139 if __name__ == "__
                        main__":
A left brace was mandatory here, so I've put one in.
You might want to delete and/or insert some corrections
so that I will find a matching right brace soon.
(If you're confused by all this, try typing `I}' now.)

! Missing { inserted.
<to be read again> 
                   _
l.139 if __name__ == "__main__
                              ":
A left brace was mandatory here, so I've put one in.
You might want to delete and/or insert some corrections
so that I will find a matching right brace soon.
(If you're confused by all this, try typing `I}' now.)

)
! Emergency stop.
<*> ...udio-reactive-led-strip/python/visualize.py
                                                  
*** (job aborted, no legal \end found)

 
Here is how much of TeX's memory you used:
 14 strings out of 493921
 558 string characters out of 3144876
 57031 words of memory out of 3000000
 3403 multiletter control sequences out of 15000+200000
 3640 words of font info for 14 fonts, out of 3000000 for 9000
 841 hyphenation exceptions out of 8191
 18i,5n,12p,166b,113s stack positions out of 5000i,500n,10000p,200000b,50000s
!  ==> Fatal error occurred, no output PDF file produced!
